<?xml version="1.0" encoding="UTF-8"?>
<!-- Generated by org.testng.reporters.JUnitReportReporter -->
<testsuite hostname="DESKTOP-BEU6QF0" failures="0" tests="1" name="testng.Test1" time="8.176" errors="0" timestamp="2023-08-31T13:41:18 IST" skipped="0">
  <testcase classname="testng.Test1" name="testdemo" time="8.176"/>
</testsuite> <!-- testng.Test1 -->
