<?xml version="1.0" encoding="UTF-8"?>
<!-- Generated by org.testng.reporters.JUnitReportReporter -->
<testsuite hostname="DESKTOP-BEU6QF0" failures="0" tests="2" name="testng.Anotations1" time="3.079" errors="0" timestamp="2023-09-05T11:51:26 IST" skipped="0">
  <testcase classname="testng.Anotations1" name="logintest" time="3.065"/>
  <testcase classname="testng.Anotations1" name="urltest" time="0.014"/>
</testsuite> <!-- testng.Anotations1 -->
